{"/workspace/firebase.js": {"path":"/workspace/firebase.js","statementMap":{"0":{"start":{"line":1,"column":14},"end":{"line":1,"column":39}},"1":{"start":{"line":2,"column":13},"end":{"line":2,"column":28}},"2":{"start":{"line":5,"column":0},"end":{"line":11,"column":1}},"3":{"start":{"line":7,"column":2},"end":{"line":7,"column":63}},"4":{"start":{"line":10,"column":2},"end":{"line":10,"column":78}},"5":{"start":{"line":13,"column":0},"end":{"line":15,"column":3}},"6":{"start":{"line":17,"column":11},"end":{"line":17,"column":28}},"7":{"start":{"line":18,"column":13},"end":{"line":18,"column":25}},"8":{"start":{"line":20,"column":0},"end":{"line":20,"column":37}}},"fnMap":{},"branchMap":{"0":{"loc":{"start":{"line":5,"column":0},"end":{"line":11,"column":1}},"type":"if","locations":[{"start":{"line":5,"column":0},"end":{"line":11,"column":1}},{"start":{"line":8,"column":7},"end":{"line":11,"column":1}}],"line":5}},"s":{"0":1,"1":0,"2":0,"3":0,"4":0,"5":0,"6":0,"7":0,"8":0},"f":{},"b":{"0":[0,0]},"_coverageSchema":"1a1c01bbd47fc00a2c39e90264f33305004495a9","hash":"3bfb619b3079bee970ec4bdb4482bb3790f751b0"}
,"/workspace/controllers/gamesController.js": {"path":"/workspace/controllers/gamesController.js","statementMap":{"0":{"start":{"line":1,"column":15},"end":{"line":1,"column":37}},"1":{"start":{"line":4,"column":0},"end":{"line":15,"column":2}},"2":{"start":{"line":5,"column":2},"end":{"line":14,"column":3}},"3":{"start":{"line":6,"column":21},"end":{"line":9,"column":12}},"4":{"start":{"line":10,"column":18},"end":{"line":10,"column":75}},"5":{"start":{"line":10,"column":44},"end":{"line":10,"column":73}},"6":{"start":{"line":11,"column":4},"end":{"line":11,"column":20}},"7":{"start":{"line":13,"column":4},"end":{"line":13,"column":51}}},"fnMap":{"0":{"name":"(anonymous_0)","decl":{"start":{"line":4,"column":26},"end":{"line":4,"column":27}},"loc":{"start":{"line":4,"column":46},"end":{"line":15,"column":1}},"line":4},"1":{"name":"(anonymous_1)","decl":{"start":{"line":10,"column":36},"end":{"line":10,"column":37}},"loc":{"start":{"line":10,"column":44},"end":{"line":10,"column":73}},"line":10}},"branchMap":{},"s":{"0":1,"1":1,"2":2,"3":2,"4":1,"5":1,"6":1,"7":1},"f":{"0":2,"1":1},"b":{},"_coverageSchema":"1a1c01bbd47fc00a2c39e90264f33305004495a9","hash":"07ec402c13422e34b3978bde74ccde3493dfa2db"}
,"/workspace/controllers/questionsController.js": {"path":"/workspace/controllers/questionsController.js","statementMap":{"0":{"start":{"line":2,"column":0},"end":{"line":18,"column":2}},"1":{"start":{"line":3,"column":2},"end":{"line":17,"column":3}},"2":{"start":{"line":4,"column":26},"end":{"line":4,"column":34}},"3":{"start":{"line":5,"column":4},"end":{"line":7,"column":5}},"4":{"start":{"line":6,"column":6},"end":{"line":6,"column":86}},"5":{"start":{"line":8,"column":18},"end":{"line":8,"column":28}},"6":{"start":{"line":9,"column":4},"end":{"line":12,"column":7}},"7":{"start":{"line":10,"column":21},"end":{"line":10,"column":53}},"8":{"start":{"line":11,"column":6},"end":{"line":11,"column":27}},"9":{"start":{"line":13,"column":4},"end":{"line":13,"column":25}},"10":{"start":{"line":14,"column":4},"end":{"line":14,"column":32}},"11":{"start":{"line":16,"column":4},"end":{"line":16,"column":67}},"12":{"start":{"line":19,"column":15},"end":{"line":19,"column":37}},"13":{"start":{"line":22,"column":0},"end":{"line":30,"column":2}},"14":{"start":{"line":23,"column":2},"end":{"line":29,"column":3}},"15":{"start":{"line":24,"column":21},"end":{"line":24,"column":59}},"16":{"start":{"line":25,"column":22},"end":{"line":25,"column":79}},"17":{"start":{"line":25,"column":48},"end":{"line":25,"column":77}},"18":{"start":{"line":26,"column":4},"end":{"line":26,"column":24}},"19":{"start":{"line":28,"column":4},"end":{"line":28,"column":51}},"20":{"start":{"line":33,"column":0},"end":{"line":41,"column":2}},"21":{"start":{"line":34,"column":2},"end":{"line":40,"column":3}},"22":{"start":{"line":35,"column":73},"end":{"line":35,"column":81}},"23":{"start":{"line":36,"column":19},"end":{"line":36,"column":117}},"24":{"start":{"line":37,"column":4},"end":{"line":37,"column":44}},"25":{"start":{"line":39,"column":4},"end":{"line":39,"column":51}},"26":{"start":{"line":44,"column":0},"end":{"line":52,"column":2}},"27":{"start":{"line":45,"column":2},"end":{"line":51,"column":3}},"28":{"start":{"line":46,"column":19},"end":{"line":46,"column":29}},"29":{"start":{"line":47,"column":4},"end":{"line":47,"column":62}},"30":{"start":{"line":48,"column":4},"end":{"line":48,"column":46}},"31":{"start":{"line":50,"column":4},"end":{"line":50,"column":51}},"32":{"start":{"line":55,"column":0},"end":{"line":63,"column":2}},"33":{"start":{"line":56,"column":2},"end":{"line":62,"column":3}},"34":{"start":{"line":57,"column":19},"end":{"line":57,"column":29}},"35":{"start":{"line":58,"column":4},"end":{"line":58,"column":54}},"36":{"start":{"line":59,"column":4},"end":{"line":59,"column":46}},"37":{"start":{"line":61,"column":4},"end":{"line":61,"column":51}}},"fnMap":{"0":{"name":"(anonymous_0)","decl":{"start":{"line":2,"column":21},"end":{"line":2,"column":22}},"loc":{"start":{"line":2,"column":41},"end":{"line":18,"column":1}},"line":2},"1":{"name":"(anonymous_1)","decl":{"start":{"line":9,"column":22},"end":{"line":9,"column":23}},"loc":{"start":{"line":9,"column":27},"end":{"line":12,"column":5}},"line":9},"2":{"name":"(anonymous_2)","decl":{"start":{"line":22,"column":17},"end":{"line":22,"column":18}},"loc":{"start":{"line":22,"column":37},"end":{"line":30,"column":1}},"line":22},"3":{"name":"(anonymous_3)","decl":{"start":{"line":25,"column":40},"end":{"line":25,"column":41}},"loc":{"start":{"line":25,"column":48},"end":{"line":25,"column":77}},"line":25},"4":{"name":"(anonymous_4)","decl":{"start":{"line":33,"column":17},"end":{"line":33,"column":18}},"loc":{"start":{"line":33,"column":37},"end":{"line":41,"column":1}},"line":33},"5":{"name":"(anonymous_5)","decl":{"start":{"line":44,"column":17},"end":{"line":44,"column":18}},"loc":{"start":{"line":44,"column":37},"end":{"line":52,"column":1}},"line":44},"6":{"name":"(anonymous_6)","decl":{"start":{"line":55,"column":17},"end":{"line":55,"column":18}},"loc":{"start":{"line":55,"column":37},"end":{"line":63,"column":1}},"line":55}},"branchMap":{"0":{"loc":{"start":{"line":5,"column":4},"end":{"line":7,"column":5}},"type":"if","locations":[{"start":{"line":5,"column":4},"end":{"line":7,"column":5}},{"start":{},"end":{}}],"line":5},"1":{"loc":{"start":{"line":5,"column":8},"end":{"line":5,"column":59}},"type":"binary-expr","locations":[{"start":{"line":5,"column":8},"end":{"line":5,"column":33}},{"start":{"line":5,"column":37},"end":{"line":5,"column":59}}],"line":5}},"s":{"0":1,"1":3,"2":3,"3":3,"4":1,"5":2,"6":1,"7":1,"8":1,"9":1,"10":1,"11":1,"12":1,"13":1,"14":2,"15":2,"16":1,"17":1,"18":1,"19":1,"20":1,"21":2,"22":2,"23":2,"24":1,"25":1,"26":1,"27":2,"28":2,"29":2,"30":1,"31":1,"32":1,"33":2,"34":2,"35":2,"36":1,"37":1},"f":{"0":3,"1":1,"2":2,"3":1,"4":2,"5":2,"6":2},"b":{"0":[1,2],"1":[3,3]},"_coverageSchema":"1a1c01bbd47fc00a2c39e90264f33305004495a9","hash":"26cbaf240e16b7c5c14b812a08f455807665b7a3"}
,"/workspace/controllers/usersController.js": {"path":"/workspace/controllers/usersController.js","statementMap":{"0":{"start":{"line":2,"column":0},"end":{"line":5,"column":2}},"1":{"start":{"line":4,"column":2},"end":{"line":4,"column":15}},"2":{"start":{"line":6,"column":21},"end":{"line":6,"column":43}},"3":{"start":{"line":9,"column":0},"end":{"line":28,"column":2}},"4":{"start":{"line":10,"column":43},"end":{"line":10,"column":51}},"5":{"start":{"line":11,"column":2},"end":{"line":27,"column":3}},"6":{"start":{"line":13,"column":23},"end":{"line":17,"column":6}},"7":{"start":{"line":19,"column":4},"end":{"line":23,"column":7}},"8":{"start":{"line":24,"column":4},"end":{"line":24,"column":70}},"9":{"start":{"line":26,"column":4},"end":{"line":26,"column":51}},"10":{"start":{"line":31,"column":0},"end":{"line":34,"column":2}},"11":{"start":{"line":33,"column":2},"end":{"line":33,"column":62}},"12":{"start":{"line":37,"column":0},"end":{"line":45,"column":2}},"13":{"start":{"line":38,"column":20},"end":{"line":38,"column":28}},"14":{"start":{"line":39,"column":2},"end":{"line":44,"column":3}},"15":{"start":{"line":40,"column":4},"end":{"line":40,"column":48}},"16":{"start":{"line":41,"column":4},"end":{"line":41,"column":56}},"17":{"start":{"line":43,"column":4},"end":{"line":43,"column":51}},"18":{"start":{"line":48,"column":0},"end":{"line":81,"column":2}},"19":{"start":{"line":51,"column":14},"end":{"line":51,"column":44}},"20":{"start":{"line":52,"column":2},"end":{"line":55,"column":3}},"21":{"start":{"line":54,"column":4},"end":{"line":54,"column":58}},"22":{"start":{"line":56,"column":2},"end":{"line":80,"column":3}},"23":{"start":{"line":57,"column":20},"end":{"line":57,"column":51}},"24":{"start":{"line":58,"column":18},"end":{"line":58,"column":37}},"25":{"start":{"line":59,"column":4},"end":{"line":70,"column":5}},"26":{"start":{"line":60,"column":26},"end":{"line":60,"column":71}},"27":{"start":{"line":61,"column":20},"end":{"line":61,"column":41}},"28":{"start":{"line":62,"column":22},"end":{"line":66,"column":7}},"29":{"start":{"line":67,"column":6},"end":{"line":67,"column":33}},"30":{"start":{"line":68,"column":6},"end":{"line":68,"column":36}},"31":{"start":{"line":71,"column":17},"end":{"line":71,"column":31}},"32":{"start":{"line":72,"column":21},"end":{"line":75,"column":5}},"33":{"start":{"line":76,"column":4},"end":{"line":76,"column":23}},"34":{"start":{"line":79,"column":4},"end":{"line":79,"column":51}}},"fnMap":{"0":{"name":"(anonymous_0)","decl":{"start":{"line":2,"column":21},"end":{"line":2,"column":22}},"loc":{"start":{"line":2,"column":41},"end":{"line":5,"column":1}},"line":2},"1":{"name":"(anonymous_1)","decl":{"start":{"line":9,"column":19},"end":{"line":9,"column":20}},"loc":{"start":{"line":9,"column":39},"end":{"line":28,"column":1}},"line":9},"2":{"name":"(anonymous_2)","decl":{"start":{"line":31,"column":16},"end":{"line":31,"column":17}},"loc":{"start":{"line":31,"column":36},"end":{"line":34,"column":1}},"line":31},"3":{"name":"(anonymous_3)","decl":{"start":{"line":37,"column":26},"end":{"line":37,"column":27}},"loc":{"start":{"line":37,"column":46},"end":{"line":45,"column":1}},"line":37},"4":{"name":"(anonymous_4)","decl":{"start":{"line":48,"column":19},"end":{"line":48,"column":20}},"loc":{"start":{"line":48,"column":39},"end":{"line":81,"column":1}},"line":48}},"branchMap":{"0":{"loc":{"start":{"line":51,"column":14},"end":{"line":51,"column":44}},"type":"binary-expr","locations":[{"start":{"line":51,"column":14},"end":{"line":51,"column":27}},{"start":{"line":51,"column":31},"end":{"line":51,"column":44}}],"line":51},"1":{"loc":{"start":{"line":52,"column":2},"end":{"line":55,"column":3}},"type":"if","locations":[{"start":{"line":52,"column":2},"end":{"line":55,"column":3}},{"start":{},"end":{}}],"line":52},"2":{"loc":{"start":{"line":59,"column":4},"end":{"line":70,"column":5}},"type":"if","locations":[{"start":{"line":59,"column":4},"end":{"line":70,"column":5}},{"start":{},"end":{}}],"line":59},"3":{"loc":{"start":{"line":60,"column":26},"end":{"line":60,"column":71}},"type":"binary-expr","locations":[{"start":{"line":60,"column":26},"end":{"line":60,"column":40}},{"start":{"line":60,"column":44},"end":{"line":60,"column":65}},{"start":{"line":60,"column":69},"end":{"line":60,"column":71}}],"line":60},"4":{"loc":{"start":{"line":61,"column":20},"end":{"line":61,"column":41}},"type":"binary-expr","locations":[{"start":{"line":61,"column":20},"end":{"line":61,"column":35}},{"start":{"line":61,"column":39},"end":{"line":61,"column":41}}],"line":61},"5":{"loc":{"start":{"line":74,"column":13},"end":{"line":74,"column":73}},"type":"binary-expr","locations":[{"start":{"line":74,"column":13},"end":{"line":74,"column":23}},{"start":{"line":74,"column":27},"end":{"line":74,"column":73}}],"line":74}},"s":{"0":1,"1":1,"2":1,"3":1,"4":2,"5":2,"6":2,"7":1,"8":1,"9":1,"10":1,"11":1,"12":1,"13":2,"14":2,"15":2,"16":1,"17":1,"18":1,"19":4,"20":4,"21":1,"22":3,"23":3,"24":3,"25":2,"26":1,"27":1,"28":1,"29":1,"30":1,"31":2,"32":2,"33":2,"34":1},"f":{"0":1,"1":2,"2":1,"3":2,"4":4},"b":{"0":[4,1],"1":[1,3],"2":[1,1],"3":[1,0,0],"4":[1,0],"5":[2,1]},"_coverageSchema":"1a1c01bbd47fc00a2c39e90264f33305004495a9","hash":"cac2d3372b9459f8540c36a923f93b06c5057c4a"}
,"/workspace/middleware/authenticate.js": {"path":"/workspace/middleware/authenticate.js","statementMap":{"0":{"start":{"line":1,"column":17},"end":{"line":1,"column":39}},"1":{"start":{"line":4,"column":0},"end":{"line":17,"column":2}},"2":{"start":{"line":5,"column":21},"end":{"line":5,"column":46}},"3":{"start":{"line":6,"column":2},"end":{"line":8,"column":3}},"4":{"start":{"line":7,"column":4},"end":{"line":7,"column":64}},"5":{"start":{"line":9,"column":16},"end":{"line":9,"column":40}},"6":{"start":{"line":10,"column":2},"end":{"line":16,"column":3}},"7":{"start":{"line":11,"column":20},"end":{"line":11,"column":51}},"8":{"start":{"line":12,"column":4},"end":{"line":12,"column":23}},"9":{"start":{"line":13,"column":4},"end":{"line":13,"column":11}},"10":{"start":{"line":15,"column":4},"end":{"line":15,"column":71}}},"fnMap":{"0":{"name":"authenticate","decl":{"start":{"line":4,"column":32},"end":{"line":4,"column":44}},"loc":{"start":{"line":4,"column":61},"end":{"line":17,"column":1}},"line":4}},"branchMap":{"0":{"loc":{"start":{"line":6,"column":2},"end":{"line":8,"column":3}},"type":"if","locations":[{"start":{"line":6,"column":2},"end":{"line":8,"column":3}},{"start":{},"end":{}}],"line":6},"1":{"loc":{"start":{"line":6,"column":6},"end":{"line":6,"column":54}},"type":"binary-expr","locations":[{"start":{"line":6,"column":6},"end":{"line":6,"column":17}},{"start":{"line":6,"column":21},"end":{"line":6,"column":54}}],"line":6}},"s":{"0":1,"1":1,"2":3,"3":3,"4":1,"5":2,"6":2,"7":2,"8":1,"9":1,"10":1},"f":{"0":3},"b":{"0":[1,2],"1":[3,2]},"_coverageSchema":"1a1c01bbd47fc00a2c39e90264f33305004495a9","hash":"aced189afd232db908b50b38dedb91b68d6b0e09"}
}
