{"total": {"lines":{"total":181,"covered":102,"skipped":0,"pct":56.35},"statements":{"total":184,"covered":104,"skipped":0,"pct":56.52},"functions":{"total":29,"covered":19,"skipped":0,"pct":65.51},"branches":{"total":103,"covered":26,"skipped":0,"pct":25.24},"branchesTrue":{"total":0,"covered":0,"skipped":0,"pct":100}}
,"/home/ervin/Desktop/backend-v1/controllers/aiController.js": {"lines":{"total":31,"covered":24,"skipped":0,"pct":77.41},"functions":{"total":5,"covered":4,"skipped":0,"pct":80},"statements":{"total":31,"covered":24,"skipped":0,"pct":77.41},"branches":{"total":23,"covered":16,"skipped":0,"pct":69.56}}
,"/home/ervin/Desktop/backend-v1/controllers/gamesController.js": {"lines":{"total":7,"covered":7,"skipped":0,"pct":100},"functions":{"total":2,"covered":2,"skipped":0,"pct":100},"statements":{"total":8,"covered":8,"skipped":0,"pct":100},"branches":{"total":0,"covered":0,"skipped":0,"pct":100}}
,"/home/ervin/Desktop/backend-v1/controllers/questionsController.js": {"lines":{"total":37,"covered":36,"skipped":0,"pct":97.29},"functions":{"total":7,"covered":7,"skipped":0,"pct":100},"statements":{"total":38,"covered":37,"skipped":0,"pct":97.36},"branches":{"total":4,"covered":3,"skipped":0,"pct":75}}
,"/home/ervin/Desktop/backend-v1/controllers/usersController.js": {"lines":{"total":35,"covered":22,"skipped":0,"pct":62.85},"functions":{"total":5,"covered":5,"skipped":0,"pct":100},"statements":{"total":35,"covered":22,"skipped":0,"pct":62.85},"branches":{"total":13,"covered":3,"skipped":0,"pct":23.07}}
,"/home/ervin/Desktop/backend-v1/middleware/authenticate.js": {"lines":{"total":11,"covered":11,"skipped":0,"pct":100},"functions":{"total":1,"covered":1,"skipped":0,"pct":100},"statements":{"total":11,"covered":11,"skipped":0,"pct":100},"branches":{"total":4,"covered":4,"skipped":0,"pct":100}}
,"/home/ervin/Desktop/backend-v1/services/aiQuestionGenerator.js": {"lines":{"total":60,"covered":2,"skipped":0,"pct":3.33},"functions":{"total":9,"covered":0,"skipped":0,"pct":0},"statements":{"total":61,"covered":2,"skipped":0,"pct":3.27},"branches":{"total":59,"covered":0,"skipped":0,"pct":0}}
}
