{"total": {"lines":{"total":22,"covered":8,"skipped":0,"pct":36.36},"statements":{"total":23,"covered":9,"skipped":0,"pct":39.13},"functions":{"total":3,"covered":2,"skipped":0,"pct":66.66},"branches":{"total":11,"covered":0,"skipped":0,"pct":0},"branchesTrue":{"total":0,"covered":0,"skipped":0,"pct":"Unknown"}}
,"/home/ervin/Desktop/backend-v1/controllers/gamesController.js": {"lines":{"total":22,"covered":8,"skipped":0,"pct":36.36},"functions":{"total":3,"covered":2,"skipped":0,"pct":66.66},"statements":{"total":23,"covered":9,"skipped":0,"pct":39.13},"branches":{"total":11,"covered":0,"skipped":0,"pct":0}}
}
